<?xml version="1.0" encoding="UTF-8"?>
<testng-results ignored="0" total="1" passed="1" failed="0" skipped="0">
  <reporter-output>
  </reporter-output>
  <suite started-at="2021-05-23T14:10:16Z" name="Surefire suite" finished-at="2021-05-23T14:10:26Z" duration-ms="9974">
    <groups>
    </groups>
    <test started-at="2021-05-23T14:10:16Z" name="Surefire test" finished-at="2021-05-23T14:10:26Z" duration-ms="9974">
      <class name="BrowserSecondProject.BrowserSecondProject.BrowserTest">
        <test-method signature="MyMethod()[pri:0, instance:BrowserSecondProject.BrowserSecondProject.BrowserTest@351d00c0]" started-at="2021-05-23T14:10:16Z" name="MyMethod" finished-at="2021-05-23T14:10:26Z" duration-ms="9921" status="PASS">
          <reporter-output>
          </reporter-output>
        </test-method> <!-- MyMethod -->
      </class> <!-- BrowserSecondProject.BrowserSecondProject.BrowserTest -->
    </test> <!-- Surefire test -->
  </suite> <!-- Surefire suite -->
</testng-results>
