<?xml version="1.0" encoding="UTF-8"?>
<testng-results ignored="0" total="1" passed="1" failed="0" skipped="0">
  <reporter-output>
  </reporter-output>
  <suite started-at="2021-05-23T14:10:26Z" name="Surefire suite" finished-at="2021-05-23T14:10:26Z" duration-ms="10">
    <groups>
    </groups>
    <test started-at="2021-05-23T14:10:26Z" name="Surefire test" finished-at="2021-05-23T14:10:26Z" duration-ms="10">
      <class name="BrowserSecondProject.BrowserSecondProject.AppTest">
        <test-method signature="testApp()[pri:0, instance:testApp(BrowserSecondProject.BrowserSecondProject.AppTest)]" started-at="2021-05-23T14:10:26Z" name="testApp" finished-at="2021-05-23T14:10:26Z" duration-ms="0" status="PASS">
          <reporter-output>
          </reporter-output>
        </test-method> <!-- testApp -->
      </class> <!-- BrowserSecondProject.BrowserSecondProject.AppTest -->
    </test> <!-- Surefire test -->
  </suite> <!-- Surefire suite -->
</testng-results>
